<?xml version="1.0" encoding="UTF-8"?>
<testng-results ignored="0" total="4" passed="3" failed="1" skipped="0">
  <reporter-output>
  </reporter-output>
  <suite started-at="2024-05-15T14:52:42 IST" name="Suite" finished-at="2024-05-15T14:55:05 IST" duration-ms="143062">
    <groups>
      <group name="Smoke">
        <method signature="eCommerce_tc_4_Hybrid.FillForm(java.util.HashMap)[pri:0, instance:com.RSA.TestFiles.eCommerce_tc_4_Hybrid@4612b856]" name="FillForm" class="com.RSA.TestFiles.eCommerce_tc_4_Hybrid"/>
      </group> <!-- Smoke -->
    </groups>
    <test started-at="2024-05-15T14:52:42 IST" name="End to End Framwork" finished-at="2024-05-15T14:54:16 IST" duration-ms="94379">
      <class name="com.RSA.TestFiles.eCommerce_tc_4_Hybrid">
        <test-method is-config="true" signature="coinfigureAppium()[pri:0, instance:com.RSA.TestFiles.eCommerce_tc_4_Hybrid@4612b856]" started-at="2024-05-15T14:52:42 IST" name="coinfigureAppium" finished-at="2024-05-15T14:53:15 IST" duration-ms="33440" status="PASS">
          <reporter-output>
          </reporter-output>
        </test-method> <!-- coinfigureAppium -->
        <test-method is-config="true" signature="beforeTest()[pri:0, instance:com.RSA.TestFiles.eCommerce_tc_4_Hybrid@4612b856]" started-at="2024-05-15T14:53:21 IST" name="beforeTest" finished-at="2024-05-15T14:53:21 IST" duration-ms="556" status="PASS">
          <reporter-output>
          </reporter-output>
        </test-method> <!-- beforeTest -->
        <test-method signature="FillForm(java.util.HashMap)[pri:0, instance:com.RSA.TestFiles.eCommerce_tc_4_Hybrid@4612b856]" started-at="2024-05-15T14:53:21 IST" name="FillForm" data-provider="getData" finished-at="2024-05-15T14:53:55 IST" duration-ms="34115" status="PASS">
          <params>
            <param index="0">
              <value>
                <![CDATA[{name=Srinivas, country=Argentina, gender=Female}]]>
              </value>
            </param>
          </params>
          <reporter-output>
          </reporter-output>
        </test-method> <!-- FillForm -->
        <test-method is-config="true" signature="beforeTest()[pri:0, instance:com.RSA.TestFiles.eCommerce_tc_4_Hybrid@4612b856]" started-at="2024-05-15T14:53:55 IST" name="beforeTest" finished-at="2024-05-15T14:53:57 IST" duration-ms="1898" status="PASS">
          <reporter-output>
          </reporter-output>
        </test-method> <!-- beforeTest -->
        <test-method signature="FillForm(java.util.HashMap)[pri:0, instance:com.RSA.TestFiles.eCommerce_tc_4_Hybrid@4612b856]" started-at="2024-05-15T14:53:57 IST" name="FillForm" data-provider="getData" finished-at="2024-05-15T14:54:12 IST" duration-ms="15185" status="FAIL">
          <params>
            <param index="0">
              <value>
                <![CDATA[{name=Yadav, country=Argentina, gender=male}]]>
              </value>
            </param>
          </params>
          <exception class="org.openqa.selenium.NoSuchElementException">
            <message>
              <![CDATA[Can't locate an element by this strategy: By.chained({AppiumBy.id: com.androidsample.generalstore:id/nameField})]]>
            </message>
            <full-stacktrace>
              <![CDATA[org.openqa.selenium.NoSuchElementException: Can't locate an element by this strategy: By.chained({AppiumBy.id: com.androidsample.generalstore:id/nameField})
at io.appium.java_client.pagefactory.AppiumElementLocator.findElement(AppiumElementLocator.java:166)
at io.appium.java_client.pagefactory.interceptors.InterceptorOfASingleElement.call(InterceptorOfASingleElement.java:75)
at io.appium.java_client.proxy.Interceptor.intercept(Interceptor.java:78)
at org.openqa.selenium.remote.RemoteWebElement$ByteBuddy$72Em3wxy.sendKeys(Unknown Source)
at com.RSA.AppiumFrameworkDesign.FormPage.setNameField(FormPage.java:49)
at com.RSA.TestFiles.eCommerce_tc_4_Hybrid.FillForm(eCommerce_tc_4_Hybrid.java:36)
at java.base/jdk.internal.reflect.NativeMethodAccessorImpl.invoke0(Native Method)
at java.base/jdk.internal.reflect.NativeMethodAccessorImpl.invoke(NativeMethodAccessorImpl.java:62)
at java.base/jdk.internal.reflect.DelegatingMethodAccessorImpl.invoke(DelegatingMethodAccessorImpl.java:43)
at java.base/java.lang.reflect.Method.invoke(Method.java:566)
at org.testng.internal.invokers.MethodInvocationHelper.invokeMethod(MethodInvocationHelper.java:141)
at org.testng.internal.invokers.TestInvoker.invokeMethod(TestInvoker.java:686)
at org.testng.internal.invokers.TestInvoker.invokeTestMethod(TestInvoker.java:230)
at org.testng.internal.invokers.MethodRunner.runInSequence(MethodRunner.java:63)
at org.testng.internal.invokers.TestInvoker$MethodInvocationAgent.invoke(TestInvoker.java:992)
at org.testng.internal.invokers.TestInvoker.invokeTestMethods(TestInvoker.java:203)
at org.testng.internal.invokers.TestMethodWorker.invokeTestMethods(TestMethodWorker.java:154)
at org.testng.internal.invokers.TestMethodWorker.run(TestMethodWorker.java:134)
at java.base/java.util.ArrayList.forEach(ArrayList.java:1541)
at org.testng.TestRunner.privateRun(TestRunner.java:739)
at org.testng.TestRunner.run(TestRunner.java:614)
at org.testng.SuiteRunner.runTest(SuiteRunner.java:421)
at org.testng.SuiteRunner.runSequentially(SuiteRunner.java:413)
at org.testng.SuiteRunner.privateRun(SuiteRunner.java:373)
at org.testng.SuiteRunner.run(SuiteRunner.java:312)
at org.testng.SuiteRunnerWorker.runSuite(SuiteRunnerWorker.java:52)
at org.testng.SuiteRunnerWorker.run(SuiteRunnerWorker.java:95)
at org.testng.TestNG.runSuitesSequentially(TestNG.java:1274)
at org.testng.TestNG.runSuitesLocally(TestNG.java:1208)
at org.testng.TestNG.runSuites(TestNG.java:1112)
at org.testng.TestNG.run(TestNG.java:1079)
at org.testng.remote.AbstractRemoteTestNG.run(AbstractRemoteTestNG.java:115)
at org.testng.remote.RemoteTestNG.initAndRun(RemoteTestNG.java:293)
at org.testng.remote.RemoteTestNG.main(RemoteTestNG.java:91)
Caused by: org.openqa.selenium.TimeoutException: Expected condition failed: waiting for io.appium.java_client.pagefactory.AppiumElementLocator$WaitingFunction@2a235b8e (tried for 1 second(s) with 500 milliseconds interval)
at org.openqa.selenium.support.ui.FluentWait.timeoutException(FluentWait.java:265)
at org.openqa.selenium.support.ui.FluentWait.until(FluentWait.java:228)
at io.appium.java_client.pagefactory.AppiumElementLocator.waitFor(AppiumElementLocator.java:135)
at io.appium.java_client.pagefactory.AppiumElementLocator.findElement(AppiumElementLocator.java:160)
... 33 more
Caused by: org.openqa.selenium.NoSuchElementException: Cannot locate an element using By.chained({AppiumBy.id: com.androidsample.generalstore:id/nameField})
For documentation on this error, please visit: https://www.selenium.dev/documentation/webdriver/troubleshooting/errors#no-such-element-exception
Build info: version: '4.20.0', revision: '866c76ca80'
System info: os.name: 'Windows 10', os.arch: 'amd64', os.version: '10.0', java.version: '11.0.22'
Driver info: driver.version: RemoteWebDriver
at io.appium.java_client.pagefactory.bys.builder.ByChained.findElement(ByChained.java:74)
at org.openqa.selenium.remote.ElementLocation$ElementFinder$1.findElement(ElementLocation.java:139)
at org.openqa.selenium.remote.ElementLocation.findElement(ElementLocation.java:59)
at org.openqa.selenium.remote.RemoteWebDriver.findElement(RemoteWebDriver.java:355)
at org.openqa.selenium.remote.RemoteWebDriver.findElement(RemoteWebDriver.java:349)
at io.appium.java_client.pagefactory.bys.ContentMappedBy.findElement(ContentMappedBy.java:53)
at org.openqa.selenium.remote.ElementLocation$ElementFinder$1.findElement(ElementLocation.java:139)
at org.openqa.selenium.remote.ElementLocation.findElement(ElementLocation.java:59)
at org.openqa.selenium.remote.RemoteWebDriver.findElement(RemoteWebDriver.java:355)
at org.openqa.selenium.remote.RemoteWebDriver.findElement(RemoteWebDriver.java:349)
at io.appium.java_client.pagefactory.AppiumElementLocator.lambda$findElement$1(AppiumElementLocator.java:160)
at io.appium.java_client.pagefactory.AppiumElementLocator$WaitingFunction.apply(AppiumElementLocator.java:217)
at io.appium.java_client.pagefactory.AppiumElementLocator$WaitingFunction.apply(AppiumElementLocator.java:210)
at org.openqa.selenium.support.ui.FluentWait.until(FluentWait.java:203)
... 35 more
]]>
            </full-stacktrace>
          </exception> <!-- org.openqa.selenium.NoSuchElementException -->
          <reporter-output>
          </reporter-output>
        </test-method> <!-- FillForm -->
        <test-method is-config="true" signature="tearDown()[pri:0, instance:com.RSA.TestFiles.eCommerce_tc_4_Hybrid@4612b856]" started-at="2024-05-15T14:54:14 IST" name="tearDown" finished-at="2024-05-15T14:54:16 IST" duration-ms="1910" status="PASS">
          <reporter-output>
          </reporter-output>
        </test-method> <!-- tearDown -->
      </class> <!-- com.RSA.TestFiles.eCommerce_tc_4_Hybrid -->
    </test> <!-- End to End Framwork -->
    <test started-at="2024-05-15T14:54:17 IST" name="Error validation Test" finished-at="2024-05-15T14:55:05 IST" duration-ms="47539">
      <class name="com.RSA.TestFiles.eCommerce_tc_2">
        <test-method is-config="true" signature="coinfigureAppium()[pri:0, instance:com.RSA.TestFiles.eCommerce_tc_2@1199fe66]" started-at="2024-05-15T14:54:17 IST" name="coinfigureAppium" finished-at="2024-05-15T14:54:36 IST" duration-ms="19437" status="PASS">
          <reporter-output>
          </reporter-output>
        </test-method> <!-- coinfigureAppium -->
        <test-method is-config="true" signature="preSetup()[pri:0, instance:com.RSA.TestFiles.eCommerce_tc_2@1199fe66]" started-at="2024-05-15T14:54:36 IST" name="preSetup" finished-at="2024-05-15T14:54:37 IST" duration-ms="494" status="PASS">
          <reporter-output>
          </reporter-output>
        </test-method> <!-- preSetup -->
        <test-method signature="FillForm_ErrorValidation()[pri:0, instance:com.RSA.TestFiles.eCommerce_tc_2@1199fe66]" started-at="2024-05-15T14:54:37 IST" name="FillForm_ErrorValidation" finished-at="2024-05-15T14:54:44 IST" duration-ms="6693" status="PASS">
          <reporter-output>
          </reporter-output>
        </test-method> <!-- FillForm_ErrorValidation -->
        <test-method is-config="true" signature="preSetup()[pri:0, instance:com.RSA.TestFiles.eCommerce_tc_2@1199fe66]" started-at="2024-05-15T14:54:44 IST" name="preSetup" finished-at="2024-05-15T14:54:44 IST" duration-ms="205" status="PASS">
          <reporter-output>
          </reporter-output>
        </test-method> <!-- preSetup -->
        <test-method signature="FillForm_PositiveFlow()[pri:0, instance:com.RSA.TestFiles.eCommerce_tc_2@1199fe66]" started-at="2024-05-15T14:54:44 IST" name="FillForm_PositiveFlow" finished-at="2024-05-15T14:55:03 IST" duration-ms="18946" status="PASS">
          <reporter-output>
          </reporter-output>
        </test-method> <!-- FillForm_PositiveFlow -->
        <test-method is-config="true" signature="tearDown()[pri:0, instance:com.RSA.TestFiles.eCommerce_tc_2@1199fe66]" started-at="2024-05-15T14:55:03 IST" name="tearDown" finished-at="2024-05-15T14:55:05 IST" duration-ms="1755" status="PASS">
          <reporter-output>
          </reporter-output>
        </test-method> <!-- tearDown -->
      </class> <!-- com.RSA.TestFiles.eCommerce_tc_2 -->
    </test> <!-- Error validation Test -->
  </suite> <!-- Suite -->
</testng-results>
